Already up-to-date.
[gh-pages bb2e6b8] html daily update
 5 files changed, 5 insertions(+), 4 deletions(-)
 create mode 100644 script.log
Branch gh-pages set up to track remote branch gh-pages from origin.
Already up-to-date.
[gh-pages f6d679d] html daily update
 6 files changed, 68 insertions(+), 3 deletions(-)
 create mode 100644 html/yesterday.html
Branch gh-pages set up to track remote branch gh-pages from origin.
Updating f6d679d..7d465b0
Fast-forward
 index.html | 2 +-
 1 file changed, 1 insertion(+), 1 deletion(-)
[gh-pages fb79995] html daily update
 6 files changed, 12 insertions(+), 64 deletions(-)
 delete mode 100644 html/last_monday.html
Branch gh-pages set up to track remote branch gh-pages from origin.
Thu  6 Oct 20:30:01 CEST 2016
Already up-to-date.
[gh-pages 45ac4ab] html daily update
 5 files changed, 10 insertions(+), 4 deletions(-)
Branch gh-pages set up to track remote branch gh-pages from origin.
Fri  7 Oct 12:30:01 CEST 2016
Already up-to-date.
[gh-pages 376f8b1] html daily update
 5 files changed, 9 insertions(+), 4 deletions(-)
Branch gh-pages set up to track remote branch gh-pages from origin.
Fri  7 Oct 20:30:01 CEST 2016
Already up-to-date.
[gh-pages 3518cc9] html daily update
 5 files changed, 9 insertions(+), 4 deletions(-)
Branch gh-pages set up to track remote branch gh-pages from origin.
Sat  8 Oct 12:30:01 CEST 2016
Already up-to-date.
[gh-pages 1414e0a] html daily update
 1 file changed, 5 insertions(+)
Branch gh-pages set up to track remote branch gh-pages from origin.
Sat  8 Oct 20:30:01 CEST 2016
Already up-to-date.
[gh-pages 7cab785] html daily update
 1 file changed, 5 insertions(+)
Branch gh-pages set up to track remote branch gh-pages from origin.
Sun  9 Oct 12:30:01 CEST 2016
Already up-to-date.
[gh-pages bb9e561] html daily update
 1 file changed, 5 insertions(+)
Branch gh-pages set up to track remote branch gh-pages from origin.
Sun  9 Oct 20:30:01 CEST 2016
Already up-to-date.
[gh-pages bba89e3] html daily update
 1 file changed, 5 insertions(+)
Branch gh-pages set up to track remote branch gh-pages from origin.
Mon 10 Oct 12:30:01 CEST 2016
[gh-pages 0b415b9] html daily update
 5 files changed, 5 insertions(+), 4 deletions(-)
Branch gh-pages set up to track remote branch gh-pages from origin.
Mon 10 Oct 20:30:01 CEST 2016
Already up-to-date.
Yesterday: 2016-10-09 20:30:32.881466
p_this_week_s: 2016-10-10 00:00:00
p_last_week_s: 2016-10-03 00:00:00
p_last_week_e: 2016-10-09 23:59:59.009999
Total: 309.874
Total2: 22.204
[gh-pages e210f5c] html daily update
 5 files changed, 12 insertions(+), 4 deletions(-)
Branch gh-pages set up to track remote branch gh-pages from origin.
Tue 11 Oct 12:30:01 CEST 2016
Already up-to-date.
Yesterday: 2016-10-10 12:30:26.401477
p_this_week_s: 2016-10-10 00:00:00
p_last_week_s: 2016-10-03 00:00:00
p_last_week_e: 2016-10-09 23:59:59.009999
Total: 325.810999999
Total2: 23.381
[gh-pages 506c285] html daily update
 5 files changed, 15 insertions(+), 4 deletions(-)
Branch gh-pages set up to track remote branch gh-pages from origin.
Tue 11 Oct 20:30:01 CEST 2016
Already up-to-date.
Yesterday: 2016-10-10 20:30:24.844905
p_this_week_s: 2016-10-10 00:00:00
p_last_week_s: 2016-10-03 00:00:00
p_last_week_e: 2016-10-09 23:59:59.009999
Total: 334.291999999
Total2: 23.982
[gh-pages 7eca137] html daily update
 5 files changed, 15 insertions(+), 4 deletions(-)
Branch gh-pages set up to track remote branch gh-pages from origin.
Wed 12 Oct 12:30:01 CEST 2016
Already up-to-date.
Yesterday: 2016-10-11 12:30:29.505159
p_this_week_s: 2016-10-10 00:00:00
p_last_week_s: 2016-10-03 00:00:00
p_last_week_e: 2016-10-09 23:59:59.009999
Total: 348.700999999
Total2: 25.35
[gh-pages 786eb06] html daily update
 5 files changed, 15 insertions(+), 4 deletions(-)
Branch gh-pages set up to track remote branch gh-pages from origin.
Wed 12 Oct 20:30:01 CEST 2016
Already up-to-date.
Yesterday: 2016-10-11 20:30:25.584240
p_this_week_s: 2016-10-10 00:00:00
p_last_week_s: 2016-10-03 00:00:00
p_last_week_e: 2016-10-09 23:59:59.009999
Total: 356.813999998
Total2: 25.893
[gh-pages 5783960] html daily update
 5 files changed, 15 insertions(+), 4 deletions(-)
Branch gh-pages set up to track remote branch gh-pages from origin.
Thu 13 Oct 12:30:01 CEST 2016
Already up-to-date.
Yesterday: 2016-10-12 12:30:27.429307
p_this_week_s: 2016-10-10 00:00:00
p_last_week_s: 2016-10-03 00:00:00
p_last_week_e: 2016-10-09 23:59:59.009999
Total: 373.152999998
Total2: 27.157
[gh-pages 8b38524] html daily update
 5 files changed, 15 insertions(+), 4 deletions(-)
Branch gh-pages set up to track remote branch gh-pages from origin.
Thu 13 Oct 20:30:01 CEST 2016
Already up-to-date.
Yesterday: 2016-10-12 20:30:28.530837
p_this_week_s: 2016-10-10 00:00:00
p_last_week_s: 2016-10-03 00:00:00
p_last_week_e: 2016-10-09 23:59:59.009999
Total: 384.052999998
Total2: 27.993
[gh-pages 1e705a5] html daily update
 5 files changed, 15 insertions(+), 4 deletions(-)
Branch gh-pages set up to track remote branch gh-pages from origin.
Fri 14 Oct 12:30:01 CEST 2016
Already up-to-date.
Yesterday: 2016-10-13 12:30:27.568314
p_this_week_s: 2016-10-10 00:00:00
p_last_week_s: 2016-10-03 00:00:00
p_last_week_e: 2016-10-09 23:59:59.009999
Total: 402.493999997
Total2: 29.159
[gh-pages aedf95c] html daily update
 5 files changed, 15 insertions(+), 4 deletions(-)
Branch gh-pages set up to track remote branch gh-pages from origin.
Fri 14 Oct 20:30:02 CEST 2016
Already up-to-date.
Yesterday: 2016-10-13 20:30:27.637903
p_this_week_s: 2016-10-10 00:00:00
p_last_week_s: 2016-10-03 00:00:00
p_last_week_e: 2016-10-09 23:59:59.009999
Total: 412.023999997
Total2: 29.819
[gh-pages fc9c00f] html daily update
 5 files changed, 15 insertions(+), 4 deletions(-)
Branch gh-pages set up to track remote branch gh-pages from origin.
Sat 15 Oct 12:30:01 CEST 2016
Already up-to-date.
Yesterday: 2016-10-14 12:30:26.634059
p_this_week_s: 2016-10-10 00:00:00
p_last_week_s: 2016-10-03 00:00:00
p_last_week_e: 2016-10-09 23:59:59.009999
Total: 412.023999997
Total2: 29.819
[gh-pages 5a7c6fe] html daily update
 5 files changed, 15 insertions(+), 4 deletions(-)
Branch gh-pages set up to track remote branch gh-pages from origin.
Sat 15 Oct 20:30:01 CEST 2016
Already up-to-date.
Yesterday: 2016-10-14 20:30:29.841791
p_this_week_s: 2016-10-10 00:00:00
p_last_week_s: 2016-10-03 00:00:00
p_last_week_e: 2016-10-09 23:59:59.009999
Total: 412.023999997
Total2: 29.819
[gh-pages aef13de] html daily update
 5 files changed, 15 insertions(+), 4 deletions(-)
Branch gh-pages set up to track remote branch gh-pages from origin.
Sun 16 Oct 12:30:01 CEST 2016
Already up-to-date.
Yesterday: 2016-10-15 12:30:31.072512
p_this_week_s: 2016-10-10 00:00:00
p_last_week_s: 2016-10-03 00:00:00
p_last_week_e: 2016-10-09 23:59:59.009999
Total: 416.477999997
Total2: 29.88
[gh-pages 88ec921] html daily update
 5 files changed, 15 insertions(+), 4 deletions(-)
Branch gh-pages set up to track remote branch gh-pages from origin.
Sun 16 Oct 20:30:01 CEST 2016
Already up-to-date.
Yesterday: 2016-10-15 20:30:34.291850
p_this_week_s: 2016-10-10 00:00:00
p_last_week_s: 2016-10-03 00:00:00
p_last_week_e: 2016-10-09 23:59:59.009999
Total: 418.987999997
Total2: 29.917
[gh-pages 0d3ec85] html daily update
 5 files changed, 15 insertions(+), 4 deletions(-)
Branch gh-pages set up to track remote branch gh-pages from origin.
Mon 17 Oct 12:30:01 CEST 2016
Yesterday: 2016-10-16 12:30:57.861643
p_this_week_s: 2016-10-17 00:00:00
p_last_week_s: 2016-10-10 00:00:00
p_last_week_e: 2016-10-16 23:59:59.009999
Total: 433.259999997
Total2: 31.266
[gh-pages 2289689] html daily update
 5 files changed, 14 insertions(+), 4 deletions(-)
Mon 17 Oct 20:30:02 CEST 2016
Yesterday: 2016-10-16 20:30:55.972403
p_this_week_s: 2016-10-17 00:00:00
p_last_week_s: 2016-10-10 00:00:00
p_last_week_e: 2016-10-16 23:59:59.009999
Total: 444.610999996
Total2: 31.911
[gh-pages 3c04585] html daily update
 5 files changed, 13 insertions(+), 4 deletions(-)
Tue 18 Oct 12:30:01 CEST 2016
Yesterday: 2016-10-17 12:30:58.140901
p_this_week_s: 2016-10-17 00:00:00
p_last_week_s: 2016-10-10 00:00:00
p_last_week_e: 2016-10-16 23:59:59.009999
Total: 459.457999996
Total2: 33.228
[gh-pages 78175d8] html daily update
 5 files changed, 13 insertions(+), 4 deletions(-)
Tue 18 Oct 20:30:01 CEST 2016
Yesterday: 2016-10-17 20:30:59.277664
p_this_week_s: 2016-10-17 00:00:00
p_last_week_s: 2016-10-10 00:00:00
p_last_week_e: 2016-10-16 23:59:59.009999
Total: 467.745999996
Total2: 33.866
[gh-pages bf5d451] html daily update
 5 files changed, 13 insertions(+), 4 deletions(-)
Wed 19 Oct 12:30:01 CEST 2016
Yesterday: 2016-10-18 12:31:00.698728
p_this_week_s: 2016-10-17 00:00:00
p_last_week_s: 2016-10-10 00:00:00
p_last_week_e: 2016-10-16 23:59:59.009999
Total: 483.774999995
Total2: 35.165
[gh-pages b632eed] html daily update
 5 files changed, 13 insertions(+), 4 deletions(-)
Wed 19 Oct 20:30:01 CEST 2016
Yesterday: 2016-10-18 20:30:58.434757
p_this_week_s: 2016-10-17 00:00:00
p_last_week_s: 2016-10-10 00:00:00
p_last_week_e: 2016-10-16 23:59:59.009999
Total: 493.619999995
Total2: 35.943
[gh-pages a41a385] html daily update
 5 files changed, 13 insertions(+), 4 deletions(-)
Thu 20 Oct 12:30:01 CEST 2016
Yesterday: 2016-10-19 12:30:58.199328
p_this_week_s: 2016-10-17 00:00:00
p_last_week_s: 2016-10-10 00:00:00
p_last_week_e: 2016-10-16 23:59:59.009999
Total: 508.817999995
Total2: 37.28
[gh-pages 5a5d57e] html daily update
 5 files changed, 13 insertions(+), 4 deletions(-)
Thu 20 Oct 20:30:02 CEST 2016
Yesterday: 2016-10-19 20:30:59.612760
p_this_week_s: 2016-10-17 00:00:00
p_last_week_s: 2016-10-10 00:00:00
p_last_week_e: 2016-10-16 23:59:59.009999
Total: 518.021999995
Total2: 38.141
[gh-pages d59e4d5] html daily update
 5 files changed, 13 insertions(+), 4 deletions(-)
Fri 21 Oct 12:30:02 CEST 2016
Yesterday: 2016-10-20 12:30:56.606364
p_this_week_s: 2016-10-17 00:00:00
p_last_week_s: 2016-10-10 00:00:00
p_last_week_e: 2016-10-16 23:59:59.009999
Total: 532.245999994
Total2: 39.321
[gh-pages 452b741] html daily update
 5 files changed, 13 insertions(+), 4 deletions(-)
Fri 21 Oct 20:30:01 CEST 2016
Yesterday: 2016-10-20 20:31:01.466635
p_this_week_s: 2016-10-17 00:00:00
p_last_week_s: 2016-10-10 00:00:00
p_last_week_e: 2016-10-16 23:59:59.009999
Total: 541.632999994
Total2: 39.981
[gh-pages f0da835] html daily update
 5 files changed, 13 insertions(+), 4 deletions(-)
Sat 22 Oct 12:30:01 CEST 2016
Yesterday: 2016-10-21 12:30:58.091275
p_this_week_s: 2016-10-17 00:00:00
p_last_week_s: 2016-10-10 00:00:00
p_last_week_e: 2016-10-16 23:59:59.009999
Total: 548.590999994
Total2: 40.056
[gh-pages 7036f24] html daily update
 5 files changed, 13 insertions(+), 4 deletions(-)
Sat 22 Oct 20:30:01 CEST 2016
Yesterday: 2016-10-21 20:31:01.011950
p_this_week_s: 2016-10-17 00:00:00
p_last_week_s: 2016-10-10 00:00:00
p_last_week_e: 2016-10-16 23:59:59.009999
Total: 551.366999994
Total2: 40.092
[gh-pages b12cd22] html daily update
 5 files changed, 13 insertions(+), 4 deletions(-)
Sun 23 Oct 12:30:01 CEST 2016
Yesterday: 2016-10-22 12:31:02.486848
p_this_week_s: 2016-10-17 00:00:00
p_last_week_s: 2016-10-10 00:00:00
p_last_week_e: 2016-10-16 23:59:59.009999
Total: 558.025999994
Total2: 40.166
[gh-pages 8b1ec2a] html daily update
 5 files changed, 13 insertions(+), 4 deletions(-)
Sun 23 Oct 20:30:01 CEST 2016
Yesterday: 2016-10-22 20:31:01.780167
p_this_week_s: 2016-10-17 00:00:00
p_last_week_s: 2016-10-10 00:00:00
p_last_week_e: 2016-10-16 23:59:59.009999
Total: 560.895999994
Total2: 40.203
[gh-pages 6e7a989] html daily update
 5 files changed, 13 insertions(+), 4 deletions(-)
Mon 24 Oct 12:30:01 CEST 2016
Yesterday: 2016-10-23 12:31:00.379434
p_this_week_s: 2016-10-24 00:00:00
p_last_week_s: 2016-10-17 00:00:00
p_last_week_e: 2016-10-23 23:59:59.009999
Total: 579.369999993
Total2: 41.54
[gh-pages 582de61] html daily update
 5 files changed, 13 insertions(+), 4 deletions(-)
Mon 24 Oct 20:30:01 CEST 2016
Yesterday: 2016-10-23 20:30:58.741136
p_this_week_s: 2016-10-24 00:00:00
p_last_week_s: 2016-10-17 00:00:00
p_last_week_e: 2016-10-23 23:59:59.009999
Total: 591.242999993
Total2: 42.283
[gh-pages e0ea4ea] html daily update
 5 files changed, 13 insertions(+), 4 deletions(-)
Tue 25 Oct 12:30:01 CEST 2016
Yesterday: 2016-10-24 12:30:59.256164
p_this_week_s: 2016-10-24 00:00:00
p_last_week_s: 2016-10-17 00:00:00
p_last_week_e: 2016-10-23 23:59:59.009999
Total: 608.483999993
Total2: 43.631
[gh-pages 05c79e7] html daily update
 5 files changed, 13 insertions(+), 4 deletions(-)
Tue 25 Oct 20:30:01 CEST 2016
Yesterday: 2016-10-24 20:31:01.249240
p_this_week_s: 2016-10-24 00:00:00
p_last_week_s: 2016-10-17 00:00:00
p_last_week_e: 2016-10-23 23:59:59.009999
Total: 620.046999992
Total2: 44.491
[gh-pages 3e0f347] html daily update
 5 files changed, 13 insertions(+), 4 deletions(-)
Wed 26 Oct 12:30:01 CEST 2016
Yesterday: 2016-10-25 12:31:00.990942
p_this_week_s: 2016-10-24 00:00:00
p_last_week_s: 2016-10-17 00:00:00
p_last_week_e: 2016-10-23 23:59:59.009999
Total: 637.700999992
Total2: 45.818
[gh-pages fc4a7da] html daily update
 5 files changed, 13 insertions(+), 4 deletions(-)
Wed 26 Oct 20:30:01 CEST 2016
Yesterday: 2016-10-25 20:31:02.744485
p_this_week_s: 2016-10-24 00:00:00
p_last_week_s: 2016-10-17 00:00:00
p_last_week_e: 2016-10-23 23:59:59.009999
Total: 647.988999992
Total2: 46.483
[gh-pages 309261d] html daily update
 5 files changed, 13 insertions(+), 4 deletions(-)
Thu 27 Oct 12:30:01 CEST 2016
Yesterday: 2016-10-26 12:31:02.628064
p_this_week_s: 2016-10-24 00:00:00
p_last_week_s: 2016-10-17 00:00:00
p_last_week_e: 2016-10-23 23:59:59.009999
Total: 663.256999991
Total2: 47.805
[gh-pages 3adb458] html daily update
 5 files changed, 13 insertions(+), 4 deletions(-)
Thu 27 Oct 20:30:01 CEST 2016
Yesterday: 2016-10-26 20:31:02.607198
p_this_week_s: 2016-10-24 00:00:00
p_last_week_s: 2016-10-17 00:00:00
p_last_week_e: 2016-10-23 23:59:59.009999
Total: 673.058999991
Total2: 48.657
[gh-pages 342fc0a] html daily update
 5 files changed, 13 insertions(+), 4 deletions(-)
Fri 28 Oct 12:30:01 CEST 2016
Yesterday: 2016-10-27 12:31:05.838349
p_this_week_s: 2016-10-24 00:00:00
p_last_week_s: 2016-10-17 00:00:00
p_last_week_e: 2016-10-23 23:59:59.009999
Total: 688.606999991
Total2: 49.914
[gh-pages f5ccd0b] html daily update
 5 files changed, 13 insertions(+), 4 deletions(-)
Fri 28 Oct 20:30:01 CEST 2016
Yesterday: 2016-10-27 20:31:05.453768
p_this_week_s: 2016-10-24 00:00:00
p_last_week_s: 2016-10-17 00:00:00
p_last_week_e: 2016-10-23 23:59:59.009999
Total: 697.29699999
Total2: 50.742
[gh-pages 8af99c5] html daily update
 5 files changed, 13 insertions(+), 4 deletions(-)
Sat 29 Oct 12:30:01 CEST 2016
Yesterday: 2016-10-28 12:31:04.198704
p_this_week_s: 2016-10-24 00:00:00
p_last_week_s: 2016-10-17 00:00:00
p_last_week_e: 2016-10-23 23:59:59.009999
Total: 703.55899999
Total2: 50.816
[gh-pages 90f9397] html daily update
 5 files changed, 13 insertions(+), 4 deletions(-)
Sat 29 Oct 20:30:01 CEST 2016
Yesterday: 2016-10-28 20:31:05.695683
p_this_week_s: 2016-10-24 00:00:00
p_last_week_s: 2016-10-17 00:00:00
p_last_week_e: 2016-10-23 23:59:59.009999
Total: 706.38999999
Total2: 50.852
[gh-pages bbbd61b] html daily update
 5 files changed, 13 insertions(+), 4 deletions(-)
Sun 30 Oct 12:30:01 CET 2016
Yesterday: 2016-10-29 12:31:08.305314
p_this_week_s: 2016-10-24 00:00:00
p_last_week_s: 2016-10-17 00:00:00
p_last_week_e: 2016-10-23 23:59:59.009999
Total: 713.33999999
Total2: 50.932
[gh-pages 939f6b0] html daily update
 5 files changed, 13 insertions(+), 4 deletions(-)
Sun 30 Oct 20:30:01 CET 2016
Yesterday: 2016-10-29 20:31:04.738902
p_this_week_s: 2016-10-24 00:00:00
p_last_week_s: 2016-10-17 00:00:00
p_last_week_e: 2016-10-23 23:59:59.009999
Total: 716.37699999
Total2: 50.969
[gh-pages f81fe15] html daily update
 5 files changed, 13 insertions(+), 4 deletions(-)
Mon 31 Oct 12:30:02 CET 2016
Yesterday: 2016-10-30 12:31:06.893858
p_this_week_s: 2016-10-31 00:00:00
p_last_week_s: 2016-10-24 00:00:00
p_last_week_e: 2016-10-30 23:59:59.009999
Total: 722.52699999
Total2: 51.041
[gh-pages 86019c4] html daily update
 5 files changed, 13 insertions(+), 4 deletions(-)
Mon 31 Oct 20:30:01 CET 2016
Yesterday: 2016-10-30 20:31:02.539687
p_this_week_s: 2016-10-31 00:00:00
p_last_week_s: 2016-10-24 00:00:00
p_last_week_e: 2016-10-30 23:59:59.009999
Total: 725.56499999
Total2: 51.08
[gh-pages eff666c] html daily update
 5 files changed, 13 insertions(+), 4 deletions(-)
Tue  1 Nov 12:30:01 CET 2016
Yesterday: 2016-10-31 12:31:05.170569
p_this_week_s: 2016-10-31 00:00:00
p_last_week_s: 2016-10-24 00:00:00
p_last_week_e: 2016-10-30 23:59:59.009999
Total: 731.75099999
Total2: 51.152
[gh-pages 9d0acc9] html daily update
 5 files changed, 13 insertions(+), 4 deletions(-)
Tue  1 Nov 20:30:01 CET 2016
Yesterday: 2016-10-31 20:31:02.709297
p_this_week_s: 2016-10-31 00:00:00
p_last_week_s: 2016-10-24 00:00:00
p_last_week_e: 2016-10-30 23:59:59.009999
Total: 734.76999999
Total2: 51.19
[gh-pages e2f1be6] html daily update
 5 files changed, 13 insertions(+), 4 deletions(-)
Wed  2 Nov 12:30:01 CET 2016
Yesterday: 2016-11-01 12:31:05.606905
p_this_week_s: 2016-10-31 00:00:00
p_last_week_s: 2016-10-24 00:00:00
p_last_week_e: 2016-10-30 23:59:59.009999
Total: 748.562999989
Total2: 52.458
[gh-pages 7c857d4] html daily update
 5 files changed, 13 insertions(+), 4 deletions(-)
Wed  2 Nov 20:30:01 CET 2016
Yesterday: 2016-11-01 20:31:06.603609
p_this_week_s: 2016-10-31 00:00:00
p_last_week_s: 2016-10-24 00:00:00
p_last_week_e: 2016-10-30 23:59:59.009999
Total: 758.155999989
Total2: 53.301
[gh-pages 7087e8a] html daily update
 5 files changed, 13 insertions(+), 4 deletions(-)
Thu  3 Nov 12:30:02 CET 2016
Yesterday: 2016-11-02 12:31:04.795658
p_this_week_s: 2016-10-31 00:00:00
p_last_week_s: 2016-10-24 00:00:00
p_last_week_e: 2016-10-30 23:59:59.009999
Total: 773.051999989
Total2: 54.578
[gh-pages a61f218] html daily update
 5 files changed, 13 insertions(+), 4 deletions(-)
Thu  3 Nov 20:30:01 CET 2016
Yesterday: 2016-11-02 20:31:09.559333
p_this_week_s: 2016-10-31 00:00:00
p_last_week_s: 2016-10-24 00:00:00
p_last_week_e: 2016-10-30 23:59:59.009999
Total: 783.358999988
Total2: 55.296
[gh-pages 37565d1] html daily update
 5 files changed, 13 insertions(+), 4 deletions(-)
Fri  4 Nov 12:30:01 CET 2016
Yesterday: 2016-11-03 12:31:08.689485
p_this_week_s: 2016-10-31 00:00:00
p_last_week_s: 2016-10-24 00:00:00
p_last_week_e: 2016-10-30 23:59:59.009999
Total: 796.782999988
Total2: 56.407
[gh-pages 26c0b64] html daily update
 5 files changed, 13 insertions(+), 4 deletions(-)
Fri  4 Nov 20:30:01 CET 2016
Yesterday: 2016-11-03 20:31:10.607396
p_this_week_s: 2016-10-31 00:00:00
p_last_week_s: 2016-10-24 00:00:00
p_last_week_e: 2016-10-30 23:59:59.009999
Total: 805.251999988
Total2: 56.985
[gh-pages e409c37] html daily update
 5 files changed, 13 insertions(+), 4 deletions(-)
Sat  5 Nov 12:30:01 CET 2016
Yesterday: 2016-11-04 12:31:07.194155
p_this_week_s: 2016-10-31 00:00:00
p_last_week_s: 2016-10-24 00:00:00
p_last_week_e: 2016-10-30 23:59:59.009999
Total: 811.021999988
Total2: 57.058
[gh-pages 4a055bf] html daily update
 5 files changed, 13 insertions(+), 4 deletions(-)
Sat  5 Nov 20:30:01 CET 2016
Yesterday: 2016-11-04 20:31:06.308774
p_this_week_s: 2016-10-31 00:00:00
p_last_week_s: 2016-10-24 00:00:00
p_last_week_e: 2016-10-30 23:59:59.009999
Total: 816.449999988
Total2: 57.104
[gh-pages 24f6ff0] html daily update
 5 files changed, 13 insertions(+), 4 deletions(-)
Sun  6 Nov 12:30:01 CET 2016
Yesterday: 2016-11-05 12:31:12.832047
p_this_week_s: 2016-10-31 00:00:00
p_last_week_s: 2016-10-24 00:00:00
p_last_week_e: 2016-10-30 23:59:59.009999
Total: 822.902999987
Total2: 57.18
[gh-pages c5ba9a8] html daily update
 5 files changed, 13 insertions(+), 4 deletions(-)
Sun  6 Nov 20:30:01 CET 2016
Yesterday: 2016-11-05 20:31:07.749860
p_this_week_s: 2016-10-31 00:00:00
p_last_week_s: 2016-10-24 00:00:00
p_last_week_e: 2016-10-30 23:59:59.009999
Total: 825.929999987
Total2: 57.219
